<?xml version="1.0" encoding="UTF-8" standalone="yes"?><!DOCTYPE report PUBLIC "-//JACOCO//DTD Report 1.1//EN" "report.dtd"><report name="labo4"><sessioninfo id="WIN-PF561CJV-8d3ddf85" start="1747430907920" dump="1747430910343"/><sessioninfo id="WIN-PF561CJV-11d0b949" start="1747486252174" dump="1747486253938"/><sessioninfo id="WIN-PF561CJV-1ffbd790" start="1747486827494" dump="1747486829197"/><sessioninfo id="WIN-PF561CJV-fe5e5634" start="1747486915582" dump="1747486917523"/><sessioninfo id="WIN-PF561CJV-e27b5b7f" start="1747487019018" dump="1747487020991"/><sessioninfo id="WIN-PF561CJV-a8de787c" start="1747487359753" dump="1747487361048"/><sessioninfo id="WIN-PF561CJV-85761dbb" start="1747487612645" dump="1747487613714"/><sessioninfo id="WIN-PF561CJV-6b76e471" start="1747488423356" dump="1747488434530"/><sessioninfo id="WIN-PF561CJV-ba091cea" start="1747488441268" dump="1747488618310"/><sessioninfo id="WIN-PF561CJV-1f99339" start="1747488625783" dump="1747488626805"/><sessioninfo id="WIN-PF561CJV-48a69982" start="1747488670790" dump="1747488676655"/><sessioninfo id="WIN-PF561CJV-c9a27082" start="1747488704499" dump="1747488705511"/><sessioninfo id="WIN-PF561CJV-255e89d1" start="1747488791456" dump="1747488792656"/><sessioninfo id="WIN-PF561CJV-d5b93540" start="1747489051999" dump="1747489145649"/><sessioninfo id="WIN-PF561CJV-b07b4509" start="1747489152410" dump="1747489153471"/><sessioninfo id="WIN-PF561CJV-669fe7c5" start="1747489232658" dump="1747489233750"/><sessioninfo id="WIN-PF561CJV-6f1736cd" start="1747489371493" dump="1747489372614"/><sessioninfo id="WIN-PF561CJV-428ee48f" start="1747489394896" dump="1747489395969"/><sessioninfo id="WIN-PF561CJV-4fadb7a6" start="1747489663934" dump="1747489665232"/><sessioninfo id="WIN-PF561CJV-f6aabe3e" start="1747489717762" dump="1747489718762"/><sessioninfo id="WIN-PF561CJV-d91aa667" start="1747489750434" dump="1747489751757"/><sessioninfo id="WIN-PF561CJV-a776db2f" start="1747489768449" dump="1747489769513"/><sessioninfo id="WIN-PF561CJV-1a1e83e" start="1747489821053" dump="1747489822319"/><sessioninfo id="WIN-PF561CJV-ae105edf" start="1747490511989" dump="1747490512966"/><sessioninfo id="WIN-PF561CJV-808d047b" start="1747490569926" dump="1747490587294"/><sessioninfo id="WIN-PF561CJV-2d1d4967" start="1747490593185" dump="1747490597050"/><sessioninfo id="WIN-PF561CJV-3d3cd10e" start="1747490910909" dump="1747490914189"/><sessioninfo id="WIN-PF561CJV-743e1a5d" start="1747490938038" dump="1747490941356"/><sessioninfo id="WIN-PF561CJV-c6558be6" start="1747491050617" dump="1747491051576"/><sessioninfo id="WIN-PF561CJV-e640571" start="1747492071367" dump="1747492075238"/><sessioninfo id="WIN-PF561CJV-f7252a65" start="1747493428731" dump="1747493430034"/><sessioninfo id="WIN-PF561CJV-e664e1ef" start="1747494061974" dump="1747494063229"/><sessioninfo id="WIN-PF561CJV-42a3b4f1" start="1747494130866" dump="1747494132152"/><sessioninfo id="WIN-PF561CJV-1f0d9a69" start="1747494236195" dump="1747494237562"/><sessioninfo id="WIN-PF561CJV-e9c1658c" start="1747494264723" dump="1747494265763"/><sessioninfo id="WIN-PF561CJV-cfb55801" start="1747494328237" dump="1747494329604"/><sessioninfo id="WIN-PF561CJV-a89bac17" start="1747494363590" dump="1747494364759"/><sessioninfo id="WIN-PF561CJV-20960623" start="1747494440136" dump="1747494441315"/><sessioninfo id="WIN-PF561CJV-7a48eb8a" start="1747494509596" dump="1747494510769"/><sessioninfo id="WIN-PF561CJV-f1d9d73c" start="1747494845848" dump="1747494847025"/><sessioninfo id="WIN-PF561CJV-8da73513" start="1747495007731" dump="1747495008844"/><sessioninfo id="WIN-PF561CJV-c492528" start="1747495229643" dump="1747495230628"/><sessioninfo id="WIN-PF561CJV-450e4a70" start="1747495259735" dump="1747495260928"/><sessioninfo id="WIN-PF561CJV-1acf9c7a" start="1747495669423" dump="1747495670724"/><sessioninfo id="WIN-PF561CJV-6f8e2324" start="1747495711398" dump="1747495712347"/><sessioninfo id="WIN-PF561CJV-86529fb0" start="1747495889197" dump="1747495894828"/><sessioninfo id="WIN-PF561CJV-d64c083f" start="1747496041732" dump="1747496045677"/><sessioninfo id="WIN-PF561CJV-19868579" start="1747496071101" dump="1747496072089"/><sessioninfo id="WIN-PF561CJV-38141d42" start="1747496172284" dump="1747496173406"/><sessioninfo id="WIN-PF561CJV-aabb9330" start="1747496583863" dump="1747496584759"/><sessioninfo id="WIN-PF561CJV-e8cfe994" start="1747496667785" dump="1747496668990"/><sessioninfo id="WIN-PF561CJV-26f927f5" start="1747496782934" dump="1747496783874"/><sessioninfo id="WIN-PF561CJV-ce03df11" start="1747496796728" dump="1747496797702"/><sessioninfo id="WIN-PF561CJV-e97381f3" start="1747496926650" dump="1747496927871"/><sessioninfo id="WIN-PF561CJV-4f84b258" start="1747497068470" dump="1747497069688"/><sessioninfo id="WIN-PF561CJV-a728b44d" start="1747497085579" dump="1747497086578"/><sessioninfo id="WIN-PF561CJV-31154b78" start="1747497472341" dump="1747497473281"/><sessioninfo id="WIN-PF561CJV-8e5b6400" start="1747497494850" dump="1747497495785"/><sessioninfo id="WIN-PF561CJV-c6fecb87" start="1747497509283" dump="1747497510212"/><sessioninfo id="WIN-PF561CJV-8c4b41ed" start="1747497595941" dump="1747497596856"/><sessioninfo id="WIN-PF561CJV-d336d6d3" start="1747497619732" dump="1747497620962"/><sessioninfo id="WIN-PF561CJV-edd719b1" start="1747519778904" dump="1747519780086"/><sessioninfo id="WIN-PF561CJV-c994383e" start="1747520524378" dump="1747520525508"/><sessioninfo id="WIN-PF561CJV-3f1b38e7" start="1747520677886" dump="1747520679020"/><sessioninfo id="WIN-PF561CJV-84c92517" start="1747520899406" dump="1747520900560"/><sessioninfo id="WIN-PF561CJV-7aab769a" start="1747585664934" dump="1747585665970"/><sessioninfo id="WIN-PF561CJV-ae63ef8e" start="1747586007322" dump="1747586008529"/><sessioninfo id="WIN-PF561CJV-8630ab4d" start="1747586070091" dump="1747586071187"/><sessioninfo id="WIN-PF561CJV-f3a98be4" start="1747586258380" dump="1747586259392"/><sessioninfo id="WIN-PF561CJV-e8124bd" start="1747586892021" dump="1747586892928"/><sessioninfo id="WIN-PF561CJV-96ecab18" start="1747586958558" dump="1747586959585"/><sessioninfo id="WIN-PF561CJV-f7de0cc9" start="1747589795905" dump="1747589802860"/><sessioninfo id="WIN-PF561CJV-5aff9de0" start="1747589840954" dump="1747589843530"/><sessioninfo id="WIN-PF561CJV-e692a38a" start="1747590021776" dump="1747590025033"/><sessioninfo id="WIN-PF561CJV-755bd1a3" start="1747590737644" dump="1747590738689"/><sessioninfo id="WIN-PF561CJV-5cdc4609" start="1747590752415" dump="1747590761190"/><sessioninfo id="WIN-PF561CJV-f77da4a9" start="1747590777897" dump="1747590778889"/><sessioninfo id="WIN-PF561CJV-6610d5a8" start="1747590806701" dump="1747590817035"/><sessioninfo id="WIN-PF561CJV-9e98033f" start="1747590887534" dump="1747590899056"/><sessioninfo id="WIN-PF561CJV-cd0d3632" start="1747590947433" dump="1747590959478"/><sessioninfo id="WIN-PF561CJV-cc6b7529" start="1747591646180" dump="1747591647180"/><package name="aed"><class name="aed/Conjunto" sourcefilename="Conjunto.java"/><class name="aed/ABB$ABB_Iterador" sourcefilename="ABB.java"><method name="&lt;init&gt;" desc="(Laed/ABB;)V" line="219"><counter type="INSTRUCTION" missed="0" covered="27"/><counter type="BRANCH" missed="1" covered="3"/><counter type="LINE" missed="0" covered="7"/><counter type="COMPLEXITY" missed="1" covered="2"/><counter type="METHOD" missed="0" covered="1"/></method><method name="haySiguiente" desc="()Z" line="232"><counter type="INSTRUCTION" missed="2" covered="5"/><counter type="BRANCH" missed="1" covered="1"/><counter type="LINE" missed="0" covered="1"/><counter type="COMPLEXITY" missed="1" covered="1"/><counter type="METHOD" missed="0" covered="1"/></method><method name="siguiente" desc="()Ljava/lang/Comparable;" line="238"><counter type="INSTRUCTION" missed="2" covered="50"/><counter type="BRANCH" missed="1" covered="9"/><counter type="LINE" missed="1" covered="13"/><counter type="COMPLEXITY" missed="1" covered="5"/><counter type="METHOD" missed="0" covered="1"/></method><counter type="INSTRUCTION" missed="4" covered="82"/><counter type="BRANCH" missed="3" covered="13"/><counter type="LINE" missed="1" covered="21"/><counter type="COMPLEXITY" missed="3" covered="8"/><counter type="METHOD" missed="0" covered="3"/><counter type="CLASS" missed="0" covered="1"/></class><class name="aed/ABB$Nodo" sourcefilename="ABB.java"><method name="&lt;init&gt;" desc="(Laed/ABB;Ljava/lang/Comparable;)V" line="13"><counter type="INSTRUCTION" missed="0" covered="18"/><counter type="LINE" missed="0" covered="6"/><counter type="COMPLEXITY" missed="0" covered="1"/><counter type="METHOD" missed="0" covered="1"/></method><counter type="INSTRUCTION" missed="0" covered="18"/><counter type="LINE" missed="0" covered="6"/><counter type="COMPLEXITY" missed="0" covered="1"/><counter type="METHOD" missed="0" covered="1"/><counter type="CLASS" missed="0" covered="1"/></class><class name="aed/Iterador" sourcefilename="Iterador.java"/><class name="aed/ABB" sourcefilename="ABB.java"><method name="&lt;init&gt;" desc="()V" line="21"><counter type="INSTRUCTION" missed="0" covered="12"/><counter type="LINE" missed="0" covered="5"/><counter type="COMPLEXITY" missed="0" covered="1"/><counter type="METHOD" missed="0" covered="1"/></method><method name="cardinal" desc="()I" line="29"><counter type="INSTRUCTION" missed="0" covered="3"/><counter type="LINE" missed="0" covered="1"/><counter type="COMPLEXITY" missed="0" covered="1"/><counter type="METHOD" missed="0" covered="1"/></method><method name="minimo" desc="()Ljava/lang/Comparable;" line="34"><counter type="INSTRUCTION" missed="2" covered="26"/><counter type="BRANCH" missed="1" covered="5"/><counter type="LINE" missed="1" covered="8"/><counter type="COMPLEXITY" missed="1" covered="3"/><counter type="METHOD" missed="0" covered="1"/></method><method name="maximo" desc="()Ljava/lang/Comparable;" line="50"><counter type="INSTRUCTION" missed="2" covered="26"/><counter type="BRANCH" missed="1" covered="5"/><counter type="LINE" missed="1" covered="8"/><counter type="COMPLEXITY" missed="1" covered="3"/><counter type="METHOD" missed="0" covered="1"/></method><method name="insertar" desc="(Ljava/lang/Comparable;)V" line="66"><counter type="INSTRUCTION" missed="0" covered="80"/><counter type="BRANCH" missed="0" covered="10"/><counter type="LINE" missed="0" covered="23"/><counter type="COMPLEXITY" missed="0" covered="6"/><counter type="METHOD" missed="0" covered="1"/></method><method name="pertenece" desc="(Ljava/lang/Comparable;)Z" line="100"><counter type="INSTRUCTION" missed="0" covered="26"/><counter type="BRANCH" missed="0" covered="6"/><counter type="LINE" missed="0" covered="10"/><counter type="COMPLEXITY" missed="0" covered="4"/><counter type="METHOD" missed="0" covered="1"/></method><method name="eliminar" desc="(Ljava/lang/Comparable;)V" line="116"><counter type="INSTRUCTION" missed="1" covered="126"/><counter type="BRANCH" missed="2" covered="26"/><counter type="LINE" missed="1" covered="38"/><counter type="COMPLEXITY" missed="2" covered="13"/><counter type="METHOD" missed="0" covered="1"/></method><method name="toString" desc="()Ljava/lang/String;" line="179"><counter type="INSTRUCTION" missed="0" covered="76"/><counter type="BRANCH" missed="0" covered="16"/><counter type="LINE" missed="0" covered="24"/><counter type="COMPLEXITY" missed="0" covered="9"/><counter type="METHOD" missed="0" covered="1"/></method><method name="iterador" desc="()Laed/Iterador;" line="262"><counter type="INSTRUCTION" missed="0" covered="5"/><counter type="LINE" missed="0" covered="1"/><counter type="COMPLEXITY" missed="0" covered="1"/><counter type="METHOD" missed="0" covered="1"/></method><counter type="INSTRUCTION" missed="5" covered="380"/><counter type="BRANCH" missed="4" covered="68"/><counter type="LINE" missed="3" covered="118"/><counter type="COMPLEXITY" missed="4" covered="41"/><counter type="METHOD" missed="0" covered="9"/><counter type="CLASS" missed="0" covered="1"/></class><sourcefile name="Conjunto.java"/><sourcefile name="ABB.java"><line nr="13" mi="0" ci="5" mb="0" cb="0"/><line nr="14" mi="0" ci="3" mb="0" cb="0"/><line nr="15" mi="0" ci="3" mb="0" cb="0"/><line nr="16" mi="0" ci="3" mb="0" cb="0"/><line nr="17" mi="0" ci="3" mb="0" cb="0"/><line nr="18" mi="0" ci="1" mb="0" cb="0"/><line nr="21" mi="0" ci="2" mb="0" cb="0"/><line nr="22" mi="0" ci="3" mb="0" cb="0"/><line nr="23" mi="0" ci="3" mb="0" cb="0"/><line nr="24" mi="0" ci="3" mb="0" cb="0"/><line nr="25" mi="0" ci="1" mb="0" cb="0"/><line nr="29" mi="0" ci="3" mb="0" cb="0"/><line nr="34" mi="0" ci="3" mb="1" cb="1"/><line nr="35" mi="2" ci="0" mb="0" cb="0"/><line nr="37" mi="0" ci="4" mb="0" cb="0"/><line nr="38" mi="0" ci="3" mb="0" cb="0"/><line nr="39" mi="0" ci="3" mb="0" cb="2"/><line nr="40" mi="0" ci="5" mb="0" cb="2"/><line nr="41" mi="0" ci="3" mb="0" cb="0"/><line nr="43" mi="0" ci="3" mb="0" cb="0"/><line nr="45" mi="0" ci="2" mb="0" cb="0"/><line nr="50" mi="0" ci="3" mb="1" cb="1"/><line nr="51" mi="2" ci="0" mb="0" cb="0"/><line nr="53" mi="0" ci="4" mb="0" cb="0"/><line nr="54" mi="0" ci="3" mb="0" cb="0"/><line nr="55" mi="0" ci="3" mb="0" cb="2"/><line nr="56" mi="0" ci="5" mb="0" cb="2"/><line nr="57" mi="0" ci="3" mb="0" cb="0"/><line nr="59" mi="0" ci="3" mb="0" cb="0"/><line nr="61" mi="0" ci="2" mb="0" cb="0"/><line nr="66" mi="0" ci="3" mb="0" cb="2"/><line nr="67" mi="0" ci="7" mb="0" cb="0"/><line nr="68" mi="0" ci="6" mb="0" cb="0"/><line nr="69" mi="0" ci="1" mb="0" cb="0"/><line nr="72" mi="0" ci="3" mb="0" cb="0"/><line nr="73" mi="0" ci="1" mb="0" cb="0"/><line nr="74" mi="0" ci="5" mb="0" cb="0"/><line nr="75" mi="0" ci="2" mb="0" cb="2"/><line nr="77" mi="0" ci="1" mb="0" cb="0"/><line nr="78" mi="0" ci="2" mb="0" cb="2"/><line nr="79" mi="0" ci="3" mb="0" cb="2"/><line nr="80" mi="0" ci="7" mb="0" cb="0"/><line nr="81" mi="0" ci="4" mb="0" cb="0"/><line nr="82" mi="0" ci="6" mb="0" cb="0"/><line nr="83" mi="0" ci="1" mb="0" cb="0"/><line nr="85" mi="0" ci="3" mb="0" cb="0"/><line nr="86" mi="0" ci="1" mb="0" cb="0"/><line nr="87" mi="0" ci="3" mb="0" cb="2"/><line nr="88" mi="0" ci="7" mb="0" cb="0"/><line nr="89" mi="0" ci="4" mb="0" cb="0"/><line nr="90" mi="0" ci="6" mb="0" cb="0"/><line nr="91" mi="0" ci="1" mb="0" cb="0"/><line nr="93" mi="0" ci="3" mb="0" cb="0"/><line nr="100" mi="0" ci="3" mb="0" cb="0"/><line nr="101" mi="0" ci="3" mb="0" cb="2"/><line nr="102" mi="0" ci="5" mb="0" cb="0"/><line nr="103" mi="0" ci="2" mb="0" cb="2"/><line nr="104" mi="0" ci="2" mb="0" cb="0"/><line nr="105" mi="0" ci="2" mb="0" cb="2"/><line nr="106" mi="0" ci="3" mb="0" cb="0"/><line nr="107" mi="0" ci="1" mb="0" cb="0"/><line nr="108" mi="0" ci="3" mb="0" cb="0"/><line nr="111" mi="0" ci="2" mb="0" cb="0"/><line nr="116" mi="0" ci="3" mb="0" cb="0"/><line nr="117" mi="0" ci="2" mb="0" cb="0"/><line nr="119" mi="0" ci="8" mb="1" cb="3"/><line nr="120" mi="0" ci="2" mb="0" cb="0"/><line nr="121" mi="0" ci="5" mb="0" cb="2"/><line nr="122" mi="0" ci="3" mb="0" cb="0"/><line nr="123" mi="0" ci="1" mb="0" cb="0"/><line nr="124" mi="0" ci="3" mb="0" cb="0"/><line nr="128" mi="0" ci="2" mb="1" cb="1"/><line nr="130" mi="1" ci="0" mb="0" cb="0"/><line nr="134" mi="0" ci="6" mb="0" cb="4"/><line nr="135" mi="0" ci="4" mb="0" cb="2"/><line nr="136" mi="0" ci="3" mb="0" cb="0"/><line nr="137" mi="0" ci="5" mb="0" cb="2"/><line nr="138" mi="0" ci="3" mb="0" cb="0"/><line nr="139" mi="0" ci="1" mb="0" cb="0"/><line nr="140" mi="0" ci="3" mb="0" cb="0"/><line nr="142" mi="0" ci="1" mb="0" cb="0"/><line nr="145" mi="0" ci="6" mb="0" cb="4"/><line nr="146" mi="0" ci="9" mb="0" cb="2"/><line nr="148" mi="0" ci="4" mb="0" cb="2"/><line nr="149" mi="0" ci="3" mb="0" cb="0"/><line nr="150" mi="0" ci="3" mb="0" cb="0"/><line nr="151" mi="0" ci="5" mb="0" cb="2"/><line nr="152" mi="0" ci="3" mb="0" cb="0"/><line nr="153" mi="0" ci="3" mb="0" cb="0"/><line nr="154" mi="0" ci="1" mb="0" cb="0"/><line nr="155" mi="0" ci="3" mb="0" cb="0"/><line nr="156" mi="0" ci="3" mb="0" cb="0"/><line nr="158" mi="0" ci="1" mb="0" cb="0"/><line nr="162" mi="0" ci="3" mb="0" cb="0"/><line nr="164" mi="0" ci="4" mb="0" cb="2"/><line nr="165" mi="0" ci="3" mb="0" cb="0"/><line nr="168" mi="0" ci="3" mb="0" cb="0"/><line nr="169" mi="0" ci="3" mb="0" cb="0"/><line nr="170" mi="0" ci="3" mb="0" cb="0"/><line nr="171" mi="0" ci="1" mb="0" cb="0"/><line nr="173" mi="0" ci="6" mb="0" cb="0"/><line nr="174" mi="0" ci="1" mb="0" cb="0"/><line nr="179" mi="0" ci="3" mb="0" cb="2"/><line nr="180" mi="0" ci="2" mb="0" cb="0"/><line nr="183" mi="0" ci="5" mb="0" cb="0"/><line nr="185" mi="0" ci="3" mb="0" cb="0"/><line nr="186" mi="0" ci="4" mb="0" cb="2"/><line nr="187" mi="0" ci="3" mb="0" cb="0"/><line nr="190" mi="0" ci="3" mb="0" cb="2"/><line nr="191" mi="0" ci="5" mb="0" cb="0"/><line nr="193" mi="0" ci="2" mb="0" cb="0"/><line nr="194" mi="0" ci="3" mb="0" cb="2"/><line nr="195" mi="0" ci="3" mb="0" cb="0"/><line nr="196" mi="0" ci="4" mb="0" cb="2"/><line nr="197" mi="0" ci="3" mb="0" cb="0"/><line nr="199" mi="0" ci="1" mb="0" cb="0"/><line nr="200" mi="0" ci="3" mb="0" cb="0"/><line nr="201" mi="0" ci="7" mb="0" cb="4"/><line nr="202" mi="0" ci="2" mb="0" cb="0"/><line nr="203" mi="0" ci="3" mb="0" cb="0"/><line nr="205" mi="0" ci="2" mb="0" cb="0"/><line nr="208" mi="0" ci="2" mb="0" cb="2"/><line nr="209" mi="0" ci="4" mb="0" cb="0"/><line nr="211" mi="0" ci="2" mb="0" cb="0"/><line nr="213" mi="0" ci="4" mb="0" cb="0"/><line nr="214" mi="0" ci="3" mb="0" cb="0"/><line nr="219" mi="0" ci="4" mb="0" cb="0"/><line nr="221" mi="0" ci="5" mb="0" cb="0"/><line nr="222" mi="0" ci="4" mb="0" cb="0"/><line nr="223" mi="0" ci="3" mb="1" cb="1"/><line nr="224" mi="0" ci="5" mb="0" cb="2"/><line nr="225" mi="0" ci="5" mb="0" cb="0"/><line nr="228" mi="0" ci="1" mb="0" cb="0"/><line nr="232" mi="2" ci="5" mb="1" cb="1"/><line nr="238" mi="0" ci="3" mb="1" cb="1"/><line nr="239" mi="2" ci="0" mb="0" cb="0"/><line nr="242" mi="0" ci="4" mb="0" cb="0"/><line nr="244" mi="0" ci="4" mb="0" cb="2"/><line nr="245" mi="0" ci="5" mb="0" cb="0"/><line nr="246" mi="0" ci="5" mb="0" cb="2"/><line nr="247" mi="0" ci="5" mb="0" cb="0"/><line nr="249" mi="0" ci="1" mb="0" cb="0"/><line nr="250" mi="0" ci="4" mb="0" cb="0"/><line nr="251" mi="0" ci="8" mb="0" cb="4"/><line nr="252" mi="0" ci="3" mb="0" cb="0"/><line nr="253" mi="0" ci="3" mb="0" cb="0"/><line nr="255" mi="0" ci="3" mb="0" cb="0"/><line nr="257" mi="0" ci="2" mb="0" cb="0"/><line nr="262" mi="0" ci="5" mb="0" cb="0"/><counter type="INSTRUCTION" missed="9" covered="480"/><counter type="BRANCH" missed="7" covered="81"/><counter type="LINE" missed="4" covered="145"/><counter type="COMPLEXITY" missed="7" covered="50"/><counter type="METHOD" missed="0" covered="13"/><counter type="CLASS" missed="0" covered="3"/></sourcefile><sourcefile name="Iterador.java"/><counter type="INSTRUCTION" missed="9" covered="480"/><counter type="BRANCH" missed="7" covered="81"/><counter type="LINE" missed="4" covered="145"/><counter type="COMPLEXITY" missed="7" covered="50"/><counter type="METHOD" missed="0" covered="13"/><counter type="CLASS" missed="0" covered="3"/></package><counter type="INSTRUCTION" missed="9" covered="480"/><counter type="BRANCH" missed="7" covered="81"/><counter type="LINE" missed="4" covered="145"/><counter type="COMPLEXITY" missed="7" covered="50"/><counter type="METHOD" missed="0" covered="13"/><counter type="CLASS" missed="0" covered="3"/></report>