<?xml version="1.0" encoding="UTF-8" standalone="yes"?><!DOCTYPE report PUBLIC "-//JACOCO//DTD Report 1.1//EN" "report.dtd"><report name="tp2"><sessioninfo id="debian-d0244834" start="1749392494354" dump="1749392495598"/><sessioninfo id="debian-d928a66" start="1749404989105" dump="1749404990102"/><sessioninfo id="debian-dba59e52" start="1749405053677" dump="1749405054745"/><sessioninfo id="debian-54cffdda" start="1749405275312" dump="1749405276443"/><sessioninfo id="debian-6031cc9c" start="1749405516587" dump="1749405517758"/><sessioninfo id="debian-d61f939b" start="1749407011482" dump="1749407012701"/><sessioninfo id="debian-67b49186" start="1749407248477" dump="1749407249696"/><sessioninfo id="debian-b5d28b3d" start="1749407478390" dump="1749407479597"/><sessioninfo id="debian-8e980e37" start="1749408120722" dump="1749408121896"/><sessioninfo id="debian-1b366178" start="1749429908131" dump="1749429909233"/><sessioninfo id="debian-e7d4c345" start="1749432213173" dump="1749432214411"/><sessioninfo id="debian-df46eadb" start="1749432222374" dump="1749432223598"/><sessioninfo id="debian-d7b943cd" start="1749433176814" dump="1749433177907"/><sessioninfo id="debian-3bb6e97e" start="1749433212658" dump="1749433213758"/><sessioninfo id="debian-1dd467d7" start="1749433724078" dump="1749433725146"/><sessioninfo id="debian-78cc450e" start="1749434823249" dump="1749434824278"/><sessioninfo id="debian-e92ee1dc" start="1749434948621" dump="1749434949842"/><sessioninfo id="debian-1af1eb84" start="1749435137336" dump="1749435138586"/><sessioninfo id="debian-1f071456" start="1749435308948" dump="1749435310022"/><sessioninfo id="debian-7241b2d5" start="1749435457170" dump="1749435458317"/><sessioninfo id="debian-278796fd" start="1749467844858" dump="1749467845852"/><sessioninfo id="debian-33350a40" start="1749468059908" dump="1749468060880"/><sessioninfo id="debian-586cd80c" start="1749468393143" dump="1749468394255"/><sessioninfo id="debian-7b6a5f22" start="1749469178475" dump="1749469179598"/><sessioninfo id="debian-23809a06" start="1749469198004" dump="1749469199033"/><sessioninfo id="debian-686fb91" start="1749469304308" dump="1749469305519"/><sessioninfo id="debian-bee02b78" start="1749470770823" dump="1749470771919"/><sessioninfo id="debian-7df68843" start="1749471387724" dump="1749471388833"/><sessioninfo id="debian-4d015bce" start="1749471600586" dump="1749471601746"/><sessioninfo id="debian-ce2acc35" start="1749472286602" dump="1749472287839"/><sessioninfo id="debian-1ecd9cb5" start="1749472505842" dump="1749472506913"/><sessioninfo id="debian-2c10e6a" start="1749475242292" dump="1749475243462"/><sessioninfo id="debian-a0c53885" start="1749475698778" dump="1749475699957"/><sessioninfo id="debian-128d253b" start="1749482827284" dump="1749482828420"/><sessioninfo id="debian-dea8e043" start="1749482864018" dump="1749482865218"/><sessioninfo id="debian-bff62d37" start="1749483217724" dump="1749483218743"/><sessioninfo id="debian-56f55682" start="1749484327703" dump="1749484328687"/><sessioninfo id="debian-cb091732" start="1749485043897" dump="1749485045003"/><sessioninfo id="debian-1b927c97" start="1749485101036" dump="1749485102135"/><sessioninfo id="debian-135c90d7" start="1749485514057" dump="1749485515149"/><sessioninfo id="debian-b6bb088e" start="1749485535299" dump="1749485536340"/><sessioninfo id="debian-2f89a321" start="1749485570861" dump="1749485571950"/><sessioninfo id="debian-bf397c56" start="1749514704683" dump="1749514705635"/><sessioninfo id="debian-f5a7ed80" start="1749514928125" dump="1749514929306"/><sessioninfo id="debian-6c849fda" start="1749517866970" dump="1749517868094"/><sessioninfo id="debian-77d309df" start="1749517901484" dump="1749517902499"/><sessioninfo id="debian-1586920d" start="1749518647077" dump="1749518648135"/><sessioninfo id="debian-5f1f348b" start="1749518717751" dump="1749518718836"/><sessioninfo id="debian-e9297f5e" start="1749518808790" dump="1749518809767"/><sessioninfo id="debian-6356e416" start="1749519382165" dump="1749519383325"/><sessioninfo id="debian-b8f0414" start="1749519428670" dump="1749519429763"/><sessioninfo id="debian-4b1c0b6f" start="1749519667615" dump="1749519668774"/><sessioninfo id="debian-35ddad6d" start="1749519702857" dump="1749519703889"/><sessioninfo id="debian-290f8f90" start="1749556100827" dump="1749556101905"/><sessioninfo id="debian-57893d5e" start="1749556110205" dump="1749556111327"/><sessioninfo id="debian-7c1bde7f" start="1749556236066" dump="1749556237169"/><sessioninfo id="debian-a40b3e95" start="1749556599793" dump="1749556600775"/><sessioninfo id="debian-9907eb7" start="1749556655368" dump="1749556656437"/><sessioninfo id="debian-b576aebe" start="1749556740311" dump="1749556741276"/><sessioninfo id="debian-2502833f" start="1749556760352" dump="1749556761466"/><sessioninfo id="debian-901ce57d" start="1749564993516" dump="1749564994609"/><sessioninfo id="debian-eae2c25f" start="1749565023624" dump="1749565024616"/><sessioninfo id="debian-fd439d1a" start="1749565830767" dump="1749565831838"/><sessioninfo id="debian-9bd746eb" start="1749565858303" dump="1749565859368"/><sessioninfo id="debian-19762cd2" start="1749573323528" dump="1749573324550"/><sessioninfo id="debian-325b2718" start="1749576257774" dump="1749576258731"/><sessioninfo id="debian-183818ff" start="1749588489319" dump="1749588490341"/><sessioninfo id="debian-c12bf6cc" start="1749588803911" dump="1749588805044"/><sessioninfo id="debian-7a84423d" start="1749589089632" dump="1749589090712"/><sessioninfo id="debian-d830c27e" start="1749589210971" dump="1749589212164"/><sessioninfo id="debian-72217f93" start="1749589553765" dump="1749589555063"/><sessioninfo id="debian-cf928502" start="1749589624020" dump="1749589625259"/><sessioninfo id="debian-b251e33c" start="1749589670496" dump="1749589671835"/><sessioninfo id="debian-2895b787" start="1749590325483" dump="1749590326476"/><sessioninfo id="debian-d7561774" start="1749590333518" dump="1749590334718"/><sessioninfo id="debian-d3dd63d" start="1749590799811" dump="1749590800816"/><sessioninfo id="debian-4e7a95be" start="1749590815167" dump="1749590816552"/><sessioninfo id="debian-63d253be" start="1749591181191" dump="1749591182288"/><sessioninfo id="debian-d264aad9" start="1749591383996" dump="1749591384964"/><sessioninfo id="debian-2f09fa11" start="1749591407264" dump="1749591408331"/><sessioninfo id="debian-77d14dfa" start="1749591428641" dump="1749591429733"/><sessioninfo id="debian-cb7601bd" start="1749591440566" dump="1749591441657"/><sessioninfo id="debian-1a429042" start="1749643269203" dump="1749643270490"/><sessioninfo id="debian-fb36f29a" start="1749643585718" dump="1749643586920"/><sessioninfo id="debian-189a9c4e" start="1749644531729" dump="1749644532744"/><sessioninfo id="debian-c0f53b04" start="1749644598580" dump="1749644599727"/><sessioninfo id="debian-1a72bcff" start="1749646300261" dump="1749646301551"/><sessioninfo id="debian-a33ea508" start="1749649552092" dump="1749649553211"/><sessioninfo id="debian-97279ce1" start="1749650275649" dump="1749650276935"/><sessioninfo id="debian-34aa1e4" start="1749650309589" dump="1749650310535"/><sessioninfo id="debian-e5b4ca70" start="1749650363148" dump="1749650364256"/><sessioninfo id="debian-86cbc3fd" start="1749650374454" dump="1749650375482"/><sessioninfo id="debian-c6f56d63" start="1749650760140" dump="1749650761198"/><sessioninfo id="debian-9a9f6eeb" start="1749650899909" dump="1749650901359"/><sessioninfo id="debian-c2753fba" start="1749650937116" dump="1749650938153"/><sessioninfo id="debian-cb9a23e9" start="1749651315801" dump="1749651316871"/><sessioninfo id="debian-52159ca5" start="1749651441471" dump="1749651442514"/><sessioninfo id="debian-c11d6fa2" start="1749652764215" dump="1749652765497"/><sessioninfo id="debian-c7ea3008" start="1749652858179" dump="1749652859463"/><sessioninfo id="debian-bfb05ee4" start="1749653020114" dump="1749653021100"/><sessioninfo id="debian-31613139" start="1749653045635" dump="1749653046792"/><sessioninfo id="debian-21de09a7" start="1749653059466" dump="1749653060554"/><sessioninfo id="debian-57b3c25a" start="1749653089227" dump="1749653090216"/><sessioninfo id="debian-7e508384" start="1749653141663" dump="1749653142849"/><sessioninfo id="debian-cab66e5e" start="1749653683269" dump="1749653684400"/><sessioninfo id="debian-e03c0251" start="1749653698336" dump="1749653699595"/><sessioninfo id="debian-589b5c1e" start="1749675896966" dump="1749675898072"/><sessioninfo id="debian-af3e01ad" start="1749675910899" dump="1749675912083"/><sessioninfo id="debian-e8c189a9" start="1749676306597" dump="1749676310991"/><sessioninfo id="debian-b401fa51" start="1749676857261" dump="1749676861470"/><sessioninfo id="debian-1264f26" start="1749677366655" dump="1749677371153"/><sessioninfo id="debian-66d12389" start="1749677760909" dump="1749677765205"/><sessioninfo id="debian-47bd7bbb" start="1749677980347" dump="1749677981387"/><sessioninfo id="debian-7f6b49f1" start="1749677989981" dump="1749677994248"/><sessioninfo id="debian-aa1335b7" start="1749678058957" dump="1749678060087"/><sessioninfo id="debian-f8e342fe" start="1749678091722" dump="1749678095898"/><sessioninfo id="debian-77555c52" start="1749678106112" dump="1749678107181"/><sessioninfo id="debian-d67617cb" start="1749678174364" dump="1749678178300"/><sessioninfo id="debian-bb287a41" start="1749678219487" dump="1749678220781"/><sessioninfo id="debian-7cead887" start="1749678271568" dump="1749678275449"/><sessioninfo id="debian-61e68a4d" start="1749678289571" dump="1749678290669"/><sessioninfo id="debian-fdf1ab16" start="1749678434370" dump="1749678435478"/><sessioninfo id="debian-6e7c750c" start="1749678452806" dump="1749678457331"/><sessioninfo id="debian-66460696" start="1749678512694" dump="1749678517238"/><sessioninfo id="debian-27d85c34" start="1749678545353" dump="1749678546507"/><sessioninfo id="debian-3d865540" start="1749678636725" dump="1749678640983"/><sessioninfo id="debian-f1b854d3" start="1749678883668" dump="1749678888030"/><sessioninfo id="debian-64ddfa98" start="1749678933141" dump="1749678937537"/><sessioninfo id="debian-31f4fbc4" start="1749679058218" dump="1749679062171"/><sessioninfo id="debian-c58ec908" start="1749679223789" dump="1749679224840"/><sessioninfo id="debian-247ba036" start="1749679247289" dump="1749679248452"/><sessioninfo id="debian-c8c82856" start="1749679264179" dump="1749679268334"/><sessioninfo id="debian-8e342303" start="1749679419722" dump="1749679424112"/><sessioninfo id="debian-9966e70e" start="1749679799418" dump="1749679800642"/><sessioninfo id="debian-bd4afba2" start="1749679816210" dump="1749679820851"/><sessioninfo id="debian-439a65f5" start="1749679841790" dump="1749679842758"/><sessioninfo id="debian-f1caede2" start="1749679940820" dump="1749679951366"/><sessioninfo id="debian-2cd0f63c" start="1749679980122" dump="1749679984246"/><sessioninfo id="debian-91c3c1cc" start="1749680319953" dump="1749680321149"/><sessioninfo id="debian-b17e0222" start="1749680473369" dump="1749680474921"/><sessioninfo id="debian-7c370b9" start="1749680577282" dump="1749680578364"/><sessioninfo id="debian-fc2696dc" start="1749680625087" dump="1749680634046"/><sessioninfo id="debian-3503b560" start="1749680652163" dump="1749680656607"/><sessioninfo id="debian-bc5da59e" start="1749680664639" dump="1749680674446"/><sessioninfo id="WIN-PF561CJV-4687a107" start="1749734816936" dump="1749734869675"/><sessioninfo id="WIN-PF561CJV-99ed761" start="1749734978680" dump="1749735031114"/><sessioninfo id="WIN-PF561CJV-429110b" start="1749735278456" dump="1749735289479"/><sessioninfo id="WIN-PF561CJV-75377744" start="1749735538814" dump="1749735552626"/><sessioninfo id="WIN-PF561CJV-b043e32e" start="1749735583898" dump="1749735594836"/><sessioninfo id="WIN-PF561CJV-ab35c178" start="1749735648126" dump="1749735657643"/><sessioninfo id="WIN-PF561CJV-c47b1530" start="1749736714986" dump="1749736726155"/><sessioninfo id="WIN-PF561CJV-4c4e45f3" start="1749736966542" dump="1749736981557"/><sessioninfo id="WIN-PF561CJV-2362a6e9" start="1749738565202" dump="1749738580934"/><sessioninfo id="WIN-PF561CJV-6848a2c4" start="1749741856706" dump="1749741866463"/><sessioninfo id="WIN-PF561CJV-e4312c43" start="1749745080900" dump="1749745090996"/><sessioninfo id="WIN-PF561CJV-b592819f" start="1749745112891" dump="1749745122823"/><sessioninfo id="WIN-PF561CJV-8b64abc4" start="1749745161243" dump="1749745172439"/><sessioninfo id="WIN-PF561CJV-89aa31b7" start="1749753022765" dump="1749753033106"/><sessioninfo id="WIN-PF561CJV-e43c79d3" start="1749753124148" dump="1749753127220"/><sessioninfo id="WIN-PF561CJV-41fb4c41" start="1749753169138" dump="1749753181300"/><sessioninfo id="WIN-PF561CJV-1d18f7b5" start="1749753253107" dump="1749753264519"/><sessioninfo id="WIN-PF561CJV-bd1607ec" start="1749753305136" dump="1749753314187"/><sessioninfo id="WIN-PF561CJV-5f125d6a" start="1749753489947" dump="1749753501286"/><sessioninfo id="WIN-PF561CJV-970998c6" start="1749753558127" dump="1749753567974"/><sessioninfo id="debian-6b6056d7" start="1749765133524" dump="1749765139278"/><sessioninfo id="debian-795e3b78" start="1749766004939" dump="1749766010081"/><sessioninfo id="debian-358f2203" start="1749766147710" dump="1749766152910"/><sessioninfo id="debian-6cd6ef74" start="1749766385231" dump="1749766390602"/><sessioninfo id="debian-1f856d7d" start="1749766412530" dump="1749766417642"/><sessioninfo id="debian-66b0844" start="1749766443400" dump="1749766448801"/><sessioninfo id="debian-9d47117e" start="1749766458601" dump="1749766463852"/><sessioninfo id="debian-5d3af5cd" start="1749766650131" dump="1749766663953"/><sessioninfo id="debian-34ed2821" start="1749766670718" dump="1749766676017"/><sessioninfo id="debian-27321429" start="1749766761475" dump="1749766766525"/><sessioninfo id="debian-5d0c033d" start="1749767060546" dump="1749767065901"/><sessioninfo id="debian-32b268e1" start="1749767180054" dump="1749767192088"/><sessioninfo id="debian-cf8616ae" start="1749767201508" dump="1749767206514"/><sessioninfo id="debian-8b5915eb" start="1749767239528" dump="1749767258894"/><sessioninfo id="debian-acd862ab" start="1749767262174" dump="1749767267500"/><sessioninfo id="debian-ff70bc6e" start="1749767277585" dump="1749767282840"/><sessioninfo id="debian-5bab6550" start="1749767292325" dump="1749767297423"/><sessioninfo id="debian-60799cef" start="1749767358031" dump="1749767363065"/><sessioninfo id="debian-d8c151d2" start="1749767377053" dump="1749767382106"/><sessioninfo id="debian-8ebfeb52" start="1749767586246" dump="1749767591514"/><sessioninfo id="debian-8843ea63" start="1749767601392" dump="1749767606413"/><sessioninfo id="debian-7cc64e02" start="1749767702562" dump="1749767708006"/><sessioninfo id="debian-68909c32" start="1749767716733" dump="1749767722024"/><sessioninfo id="debian-203a79b1" start="1749768062184" dump="1749768067581"/><sessioninfo id="debian-b67dd4ef" start="1749768080146" dump="1749768085402"/><sessioninfo id="debian-7be1e0a" start="1749768146872" dump="1749768147761"/><sessioninfo id="debian-a3ecfbed" start="1749768158295" dump="1749768163395"/><sessioninfo id="debian-5a7f8b1b" start="1749768380460" dump="1749768385610"/><sessioninfo id="debian-70e7c552" start="1749768503228" dump="1749768508345"/><sessioninfo id="debian-849b161" start="1749768560143" dump="1749768565910"/><sessioninfo id="debian-14e59189" start="1749768595770" dump="1749768596779"/><sessioninfo id="debian-63faeb36" start="1749768604213" dump="1749768609395"/><sessioninfo id="debian-9fc69c40" start="1749768656412" dump="1749768662296"/><sessioninfo id="debian-699aae2" start="1749904829593" dump="1749904850519"/><sessioninfo id="debian-8234121e" start="1749904868420" dump="1749904873926"/><sessioninfo id="debian-5fa21261" start="1749905401054" dump="1749905406518"/><sessioninfo id="debian-3eb28a27" start="1749910843970" dump="1749910845188"/><sessioninfo id="debian-715aaeec" start="1749911730205" dump="1749911734635"/><sessioninfo id="debian-fe8cfc8a" start="1749911758853" dump="1749911763333"/><sessioninfo id="debian-db3648a" start="1749911876016" dump="1749911877012"/><sessioninfo id="debian-5838831f" start="1749911883397" dump="1749911887997"/><package name="aed"><class name="aed/Transaccion" sourcefilename="Transaccion.java"><method name="&lt;init&gt;" desc="(IIII)V" line="9"><counter type="INSTRUCTION" missed="0" covered="15"/><counter type="LINE" missed="0" covered="6"/><counter type="COMPLEXITY" missed="0" covered="1"/><counter type="METHOD" missed="0" covered="1"/></method><method name="compareTo" desc="(Laed/Transaccion;)I" line="18"><counter type="INSTRUCTION" missed="0" covered="17"/><counter type="BRANCH" missed="0" covered="2"/><counter type="LINE" missed="0" covered="3"/><counter type="COMPLEXITY" missed="0" covered="2"/><counter type="METHOD" missed="0" covered="1"/></method><method name="equals" desc="(Ljava/lang/Object;)Z" line="28"><counter type="INSTRUCTION" missed="0" covered="27"/><counter type="BRANCH" missed="3" covered="5"/><counter type="LINE" missed="0" covered="2"/><counter type="COMPLEXITY" missed="3" covered="2"/><counter type="METHOD" missed="0" covered="1"/></method><method name="id" desc="()I" line="38"><counter type="INSTRUCTION" missed="3" covered="0"/><counter type="LINE" missed="1" covered="0"/><counter type="COMPLEXITY" missed="1" covered="0"/><counter type="METHOD" missed="1" covered="0"/></method><method name="id_comprador" desc="()I" line="42"><counter type="INSTRUCTION" missed="0" covered="3"/><counter type="LINE" missed="0" covered="1"/><counter type="COMPLEXITY" missed="0" covered="1"/><counter type="METHOD" missed="0" covered="1"/></method><method name="id_vendedor" desc="()I" line="46"><counter type="INSTRUCTION" missed="0" covered="3"/><counter type="LINE" missed="0" covered="1"/><counter type="COMPLEXITY" missed="0" covered="1"/><counter type="METHOD" missed="0" covered="1"/></method><method name="monto" desc="()I" line="50"><counter type="INSTRUCTION" missed="0" covered="3"/><counter type="LINE" missed="0" covered="1"/><counter type="COMPLEXITY" missed="0" covered="1"/><counter type="METHOD" missed="0" covered="1"/></method><counter type="INSTRUCTION" missed="3" covered="68"/><counter type="BRANCH" missed="3" covered="7"/><counter type="LINE" missed="1" covered="14"/><counter type="COMPLEXITY" missed="4" covered="8"/><counter type="METHOD" missed="1" covered="6"/><counter type="CLASS" missed="0" covered="1"/></class><class name="aed/Berretacoin" sourcefilename="Berretacoin.java"><method name="&lt;init&gt;" desc="(I)V" line="9"><counter type="INSTRUCTION" missed="0" covered="41"/><counter type="BRANCH" missed="0" covered="2"/><counter type="LINE" missed="0" covered="8"/><counter type="COMPLEXITY" missed="0" covered="2"/><counter type="METHOD" missed="0" covered="1"/></method><method name="agregarBloque" desc="([Laed/Transaccion;)V" line="24"><counter type="INSTRUCTION" missed="0" covered="72"/><counter type="BRANCH" missed="1" covered="5"/><counter type="LINE" missed="0" covered="15"/><counter type="COMPLEXITY" missed="1" covered="3"/><counter type="METHOD" missed="0" covered="1"/></method><method name="txMayorValorUltimoBloque" desc="()Laed/Transaccion;" line="48"><counter type="INSTRUCTION" missed="2" covered="13"/><counter type="BRANCH" missed="2" covered="2"/><counter type="LINE" missed="1" covered="2"/><counter type="COMPLEXITY" missed="2" covered="1"/><counter type="METHOD" missed="0" covered="1"/></method><method name="txUltimoBloque" desc="()[Laed/Transaccion;" line="56"><counter type="INSTRUCTION" missed="3" covered="7"/><counter type="BRANCH" missed="1" covered="1"/><counter type="LINE" missed="1" covered="2"/><counter type="COMPLEXITY" missed="1" covered="1"/><counter type="METHOD" missed="0" covered="1"/></method><method name="maximoTenedor" desc="()I" line="64"><counter type="INSTRUCTION" missed="1" covered="10"/><counter type="BRANCH" missed="1" covered="1"/><counter type="LINE" missed="0" covered="2"/><counter type="COMPLEXITY" missed="1" covered="1"/><counter type="METHOD" missed="0" covered="1"/></method><method name="montoMedioUltimoBloque" desc="()I" line="70"><counter type="INSTRUCTION" missed="0" covered="17"/><counter type="BRANCH" missed="1" covered="3"/><counter type="LINE" missed="0" covered="2"/><counter type="COMPLEXITY" missed="1" covered="2"/><counter type="METHOD" missed="0" covered="1"/></method><method name="hackearTx" desc="()V" line="78"><counter type="INSTRUCTION" missed="0" covered="75"/><counter type="BRANCH" missed="1" covered="5"/><counter type="LINE" missed="0" covered="19"/><counter type="COMPLEXITY" missed="1" covered="3"/><counter type="METHOD" missed="0" covered="1"/></method><counter type="INSTRUCTION" missed="6" covered="235"/><counter type="BRANCH" missed="7" covered="19"/><counter type="LINE" missed="2" covered="50"/><counter type="COMPLEXITY" missed="7" covered="13"/><counter type="METHOD" missed="0" covered="7"/><counter type="CLASS" missed="0" covered="1"/></class><sourcefile name="Berretacoin.java"><line nr="9" mi="0" ci="2" mb="0" cb="0"/><line nr="10" mi="0" ci="4" mb="0" cb="0"/><line nr="11" mi="0" ci="5" mb="0" cb="0"/><line nr="13" mi="0" ci="7" mb="0" cb="2"/><line nr="14" mi="0" ci="11" mb="0" cb="0"/><line nr="15" mi="0" ci="8" mb="0" cb="0"/><line nr="18" mi="0" ci="3" mb="0" cb="0"/><line nr="19" mi="0" ci="1" mb="0" cb="0"/><line nr="24" mi="0" ci="5" mb="0" cb="0"/><line nr="25" mi="0" ci="3" mb="0" cb="0"/><line nr="27" mi="0" ci="16" mb="0" cb="2"/><line nr="28" mi="0" ci="3" mb="0" cb="0"/><line nr="29" mi="0" ci="3" mb="0" cb="0"/><line nr="30" mi="0" ci="3" mb="0" cb="0"/><line nr="32" mi="0" ci="2" mb="1" cb="1"/><line nr="33" mi="0" ci="7" mb="0" cb="0"/><line nr="34" mi="0" ci="6" mb="0" cb="0"/><line nr="35" mi="0" ci="4" mb="0" cb="0"/><line nr="38" mi="0" ci="2" mb="0" cb="2"/><line nr="39" mi="0" ci="7" mb="0" cb="0"/><line nr="40" mi="0" ci="6" mb="0" cb="0"/><line nr="41" mi="0" ci="4" mb="0" cb="0"/><line nr="44" mi="0" ci="1" mb="0" cb="0"/><line nr="48" mi="0" ci="8" mb="2" cb="2"/><line nr="49" mi="2" ci="0" mb="0" cb="0"/><line nr="51" mi="0" ci="5" mb="0" cb="0"/><line nr="56" mi="0" ci="3" mb="1" cb="1"/><line nr="57" mi="3" ci="0" mb="0" cb="0"/><line nr="59" mi="0" ci="4" mb="0" cb="0"/><line nr="64" mi="0" ci="4" mb="0" cb="0"/><line nr="65" mi="1" ci="6" mb="1" cb="1"/><line nr="70" mi="0" ci="9" mb="1" cb="3"/><line nr="72" mi="0" ci="8" mb="0" cb="0"/><line nr="78" mi="0" ci="5" mb="0" cb="0"/><line nr="80" mi="0" ci="3" mb="0" cb="0"/><line nr="81" mi="0" ci="3" mb="0" cb="0"/><line nr="84" mi="0" ci="2" mb="0" cb="2"/><line nr="85" mi="0" ci="7" mb="0" cb="0"/><line nr="86" mi="0" ci="7" mb="0" cb="0"/><line nr="87" mi="0" ci="4" mb="0" cb="0"/><line nr="89" mi="0" ci="2" mb="1" cb="1"/><line nr="90" mi="0" ci="7" mb="0" cb="0"/><line nr="91" mi="0" ci="7" mb="0" cb="0"/><line nr="92" mi="0" ci="4" mb="0" cb="0"/><line nr="95" mi="0" ci="3" mb="0" cb="0"/><line nr="98" mi="0" ci="3" mb="0" cb="2"/><line nr="99" mi="0" ci="5" mb="0" cb="0"/><line nr="100" mi="0" ci="3" mb="0" cb="0"/><line nr="101" mi="0" ci="1" mb="0" cb="0"/><line nr="102" mi="0" ci="5" mb="0" cb="0"/><line nr="103" mi="0" ci="3" mb="0" cb="0"/><line nr="105" mi="0" ci="1" mb="0" cb="0"/><counter type="INSTRUCTION" missed="6" covered="235"/><counter type="BRANCH" missed="7" covered="19"/><counter type="LINE" missed="2" covered="50"/><counter type="COMPLEXITY" missed="7" covered="13"/><counter type="METHOD" missed="0" covered="7"/><counter type="CLASS" missed="0" covered="1"/></sourcefile><sourcefile name="Transaccion.java"><line nr="9" mi="0" ci="2" mb="0" cb="0"/><line nr="10" mi="0" ci="3" mb="0" cb="0"/><line nr="11" mi="0" ci="3" mb="0" cb="0"/><line nr="12" mi="0" ci="3" mb="0" cb="0"/><line nr="13" mi="0" ci="3" mb="0" cb="0"/><line nr="14" mi="0" ci="1" mb="0" cb="0"/><line nr="18" mi="0" ci="5" mb="0" cb="2"/><line nr="19" mi="0" ci="6" mb="0" cb="0"/><line nr="21" mi="0" ci="6" mb="0" cb="0"/><line nr="28" mi="0" ci="3" mb="0" cb="0"/><line nr="31" mi="0" ci="24" mb="3" cb="5"/><line nr="38" mi="3" ci="0" mb="0" cb="0"/><line nr="42" mi="0" ci="3" mb="0" cb="0"/><line nr="46" mi="0" ci="3" mb="0" cb="0"/><line nr="50" mi="0" ci="3" mb="0" cb="0"/><counter type="INSTRUCTION" missed="3" covered="68"/><counter type="BRANCH" missed="3" covered="7"/><counter type="LINE" missed="1" covered="14"/><counter type="COMPLEXITY" missed="4" covered="8"/><counter type="METHOD" missed="1" covered="6"/><counter type="CLASS" missed="0" covered="1"/></sourcefile><counter type="INSTRUCTION" missed="9" covered="303"/><counter type="BRANCH" missed="10" covered="26"/><counter type="LINE" missed="3" covered="64"/><counter type="COMPLEXITY" missed="11" covered="21"/><counter type="METHOD" missed="1" covered="13"/><counter type="CLASS" missed="0" covered="2"/></package><package name="aed/ext"><class name="aed/ext/maxHeapTxConHandles" sourcefilename="maxHeapTxConHandles.java"><method name="&lt;init&gt;" desc="()V" line="10"><counter type="INSTRUCTION" missed="0" covered="13"/><counter type="LINE" missed="0" covered="4"/><counter type="COMPLEXITY" missed="0" covered="1"/><counter type="METHOD" missed="0" covered="1"/></method><method name="insertar" desc="(Laed/Transaccion;)Laed/ext/Handle;" line="16"><counter type="INSTRUCTION" missed="0" covered="28"/><counter type="LINE" missed="0" covered="5"/><counter type="COMPLEXITY" missed="0" covered="1"/><counter type="METHOD" missed="0" covered="1"/></method><method name="eliminar" desc="(Laed/ext/Handle;)V" line="24"><counter type="INSTRUCTION" missed="2" covered="49"/><counter type="BRANCH" missed="4" covered="6"/><counter type="LINE" missed="0" covered="12"/><counter type="COMPLEXITY" missed="4" covered="2"/><counter type="METHOD" missed="0" covered="1"/></method><method name="eliminar" desc="(Laed/Transaccion;)V" line="43"><counter type="INSTRUCTION" missed="44" covered="0"/><counter type="BRANCH" missed="6" covered="0"/><counter type="LINE" missed="10" covered="0"/><counter type="COMPLEXITY" missed="4" covered="0"/><counter type="METHOD" missed="1" covered="0"/></method><method name="heapifyArriba" desc="(I)V" line="62"><counter type="INSTRUCTION" missed="0" covered="30"/><counter type="BRANCH" missed="0" covered="4"/><counter type="LINE" missed="0" covered="8"/><counter type="COMPLEXITY" missed="0" covered="3"/><counter type="METHOD" missed="0" covered="1"/></method><method name="heapifyAbajo" desc="(I)V" line="74"><counter type="INSTRUCTION" missed="0" covered="65"/><counter type="BRANCH" missed="0" covered="8"/><counter type="LINE" missed="0" covered="13"/><counter type="COMPLEXITY" missed="0" covered="5"/><counter type="METHOD" missed="0" covered="1"/></method><method name="swap" desc="(II)V" line="95"><counter type="INSTRUCTION" missed="0" covered="83"/><counter type="BRANCH" missed="4" covered="4"/><counter type="LINE" missed="0" covered="11"/><counter type="COMPLEXITY" missed="4" covered="1"/><counter type="METHOD" missed="0" covered="1"/></method><method name="devolverPrimero" desc="()Laed/Transaccion;" line="113"><counter type="INSTRUCTION" missed="0" covered="6"/><counter type="LINE" missed="0" covered="1"/><counter type="COMPLEXITY" missed="0" covered="1"/><counter type="METHOD" missed="0" covered="1"/></method><method name="devolverPrimerHandle" desc="()Laed/ext/Handle;" line="117"><counter type="INSTRUCTION" missed="0" covered="12"/><counter type="BRANCH" missed="0" covered="2"/><counter type="LINE" missed="0" covered="2"/><counter type="COMPLEXITY" missed="0" covered="2"/><counter type="METHOD" missed="0" covered="1"/></method><method name="tamano" desc="()I" line="123"><counter type="INSTRUCTION" missed="0" covered="4"/><counter type="LINE" missed="0" covered="1"/><counter type="COMPLEXITY" missed="0" covered="1"/><counter type="METHOD" missed="0" covered="1"/></method><method name="obtenerElementos" desc="()Ljava/util/ArrayList;" line="128"><counter type="INSTRUCTION" missed="6" covered="0"/><counter type="LINE" missed="1" covered="0"/><counter type="COMPLEXITY" missed="1" covered="0"/><counter type="METHOD" missed="1" covered="0"/></method><counter type="INSTRUCTION" missed="52" covered="290"/><counter type="BRANCH" missed="14" covered="24"/><counter type="LINE" missed="11" covered="57"/><counter type="COMPLEXITY" missed="13" covered="17"/><counter type="METHOD" missed="2" covered="9"/><counter type="CLASS" missed="0" covered="1"/></class><class name="aed/ext/maxHeapUsuarios" sourcefilename="maxHeapUsuarios.java"><method name="&lt;init&gt;" desc="()V" line="7"><counter type="INSTRUCTION" missed="0" covered="8"/><counter type="LINE" missed="0" covered="3"/><counter type="COMPLEXITY" missed="0" covered="1"/><counter type="METHOD" missed="0" covered="1"/></method><method name="insertar" desc="(Laed/ext/UsuarioConHandle;)Laed/ext/Handle;" line="12"><counter type="INSTRUCTION" missed="0" covered="26"/><counter type="LINE" missed="0" covered="5"/><counter type="COMPLEXITY" missed="0" covered="1"/><counter type="METHOD" missed="0" covered="1"/></method><method name="actualizarHeap" desc="(Laed/ext/UsuarioConHandle;)V" line="20"><counter type="INSTRUCTION" missed="1" covered="25"/><counter type="BRANCH" missed="4" covered="4"/><counter type="LINE" missed="0" covered="7"/><counter type="COMPLEXITY" missed="4" covered="1"/><counter type="METHOD" missed="0" covered="1"/></method><method name="obtenerMaximo" desc="()Laed/ext/UsuarioConHandle;" line="31"><counter type="INSTRUCTION" missed="2" covered="10"/><counter type="BRANCH" missed="1" covered="1"/><counter type="LINE" missed="0" covered="2"/><counter type="COMPLEXITY" missed="1" covered="1"/><counter type="METHOD" missed="0" covered="1"/></method><method name="heapifyArriba" desc="(I)V" line="36"><counter type="INSTRUCTION" missed="0" covered="34"/><counter type="BRANCH" missed="0" covered="4"/><counter type="LINE" missed="0" covered="8"/><counter type="COMPLEXITY" missed="0" covered="3"/><counter type="METHOD" missed="0" covered="1"/></method><method name="heapifyAbajo" desc="(I)V" line="48"><counter type="INSTRUCTION" missed="0" covered="73"/><counter type="BRANCH" missed="0" covered="8"/><counter type="LINE" missed="0" covered="14"/><counter type="COMPLEXITY" missed="0" covered="5"/><counter type="METHOD" missed="0" covered="1"/></method><method name="swap" desc="(II)V" line="70"><counter type="INSTRUCTION" missed="0" covered="47"/><counter type="BRANCH" missed="4" covered="4"/><counter type="LINE" missed="0" covered="9"/><counter type="COMPLEXITY" missed="4" covered="1"/><counter type="METHOD" missed="0" covered="1"/></method><counter type="INSTRUCTION" missed="3" covered="223"/><counter type="BRANCH" missed="9" covered="21"/><counter type="LINE" missed="0" covered="48"/><counter type="COMPLEXITY" missed="9" covered="13"/><counter type="METHOD" missed="0" covered="7"/><counter type="CLASS" missed="0" covered="1"/></class><class name="aed/ext/UsuarioConHandle" sourcefilename="UsuarioConHandle.java"><method name="&lt;init&gt;" desc="(II)V" line="8"><counter type="INSTRUCTION" missed="0" covered="12"/><counter type="LINE" missed="0" covered="5"/><counter type="COMPLEXITY" missed="0" covered="1"/><counter type="METHOD" missed="0" covered="1"/></method><method name="getId" desc="()I" line="16"><counter type="INSTRUCTION" missed="0" covered="3"/><counter type="LINE" missed="0" covered="1"/><counter type="COMPLEXITY" missed="0" covered="1"/><counter type="METHOD" missed="0" covered="1"/></method><method name="getMonto" desc="()I" line="21"><counter type="INSTRUCTION" missed="0" covered="3"/><counter type="LINE" missed="0" covered="1"/><counter type="COMPLEXITY" missed="0" covered="1"/><counter type="METHOD" missed="0" covered="1"/></method><method name="setMonto" desc="(I)V" line="26"><counter type="INSTRUCTION" missed="0" covered="4"/><counter type="LINE" missed="0" covered="2"/><counter type="COMPLEXITY" missed="0" covered="1"/><counter type="METHOD" missed="0" covered="1"/></method><method name="setHandle" desc="(Laed/ext/Handle;)V" line="30"><counter type="INSTRUCTION" missed="0" covered="4"/><counter type="LINE" missed="0" covered="2"/><counter type="COMPLEXITY" missed="0" covered="1"/><counter type="METHOD" missed="0" covered="1"/></method><method name="getHandle" desc="()Laed/ext/Handle;" line="34"><counter type="INSTRUCTION" missed="0" covered="3"/><counter type="LINE" missed="0" covered="1"/><counter type="COMPLEXITY" missed="0" covered="1"/><counter type="METHOD" missed="0" covered="1"/></method><method name="maximo" desc="(Laed/ext/UsuarioConHandle;Laed/ext/UsuarioConHandle;)Laed/ext/UsuarioConHandle;" line="39"><counter type="INSTRUCTION" missed="4" covered="27"/><counter type="BRANCH" missed="2" covered="8"/><counter type="LINE" missed="0" covered="9"/><counter type="COMPLEXITY" missed="2" covered="4"/><counter type="METHOD" missed="0" covered="1"/></method><counter type="INSTRUCTION" missed="4" covered="56"/><counter type="BRANCH" missed="2" covered="8"/><counter type="LINE" missed="0" covered="21"/><counter type="COMPLEXITY" missed="2" covered="10"/><counter type="METHOD" missed="0" covered="7"/><counter type="CLASS" missed="0" covered="1"/></class><class name="aed/ext/nodoTx" sourcefilename="nodoTx.java"><method name="&lt;init&gt;" desc="([Laed/Transaccion;)V" line="16"><counter type="INSTRUCTION" missed="0" covered="78"/><counter type="BRANCH" missed="0" covered="4"/><counter type="LINE" missed="0" covered="16"/><counter type="COMPLEXITY" missed="0" covered="3"/><counter type="METHOD" missed="0" covered="1"/></method><method name="montoTotal" desc="()I" line="43"><counter type="INSTRUCTION" missed="3" covered="0"/><counter type="LINE" missed="1" covered="0"/><counter type="COMPLEXITY" missed="1" covered="0"/><counter type="METHOD" missed="1" covered="0"/></method><method name="totalTx" desc="()I" line="48"><counter type="INSTRUCTION" missed="3" covered="0"/><counter type="LINE" missed="1" covered="0"/><counter type="COMPLEXITY" missed="1" covered="0"/><counter type="METHOD" missed="1" covered="0"/></method><method name="montoTotalSinCreacion" desc="()I" line="53"><counter type="INSTRUCTION" missed="0" covered="3"/><counter type="LINE" missed="0" covered="1"/><counter type="COMPLEXITY" missed="0" covered="1"/><counter type="METHOD" missed="0" covered="1"/></method><method name="totalTxSinCreacion" desc="()I" line="57"><counter type="INSTRUCTION" missed="0" covered="3"/><counter type="LINE" missed="0" covered="1"/><counter type="COMPLEXITY" missed="0" covered="1"/><counter type="METHOD" missed="0" covered="1"/></method><method name="obtenerHeap" desc="()Laed/ext/maxHeapTxConHandles;" line="62"><counter type="INSTRUCTION" missed="0" covered="3"/><counter type="LINE" missed="0" covered="1"/><counter type="COMPLEXITY" missed="0" covered="1"/><counter type="METHOD" missed="0" covered="1"/></method><method name="obtenerTransacciones" desc="()[Laed/Transaccion;" line="67"><counter type="INSTRUCTION" missed="0" covered="3"/><counter type="LINE" missed="0" covered="1"/><counter type="COMPLEXITY" missed="0" covered="1"/><counter type="METHOD" missed="0" covered="1"/></method><method name="nuevasTx" desc="([Laed/Transaccion;)V" line="72"><counter type="INSTRUCTION" missed="4" covered="0"/><counter type="LINE" missed="2" covered="0"/><counter type="COMPLEXITY" missed="1" covered="0"/><counter type="METHOD" missed="1" covered="0"/></method><method name="restarMontoTotal" desc="(I)V" line="76"><counter type="INSTRUCTION" missed="0" covered="7"/><counter type="LINE" missed="0" covered="2"/><counter type="COMPLEXITY" missed="0" covered="1"/><counter type="METHOD" missed="0" covered="1"/></method><method name="restarMontoTotalSinCreacion" desc="(I)V" line="80"><counter type="INSTRUCTION" missed="0" covered="7"/><counter type="LINE" missed="0" covered="2"/><counter type="COMPLEXITY" missed="0" covered="1"/><counter type="METHOD" missed="0" covered="1"/></method><method name="restarCantidadTx" desc="()V" line="84"><counter type="INSTRUCTION" missed="0" covered="7"/><counter type="LINE" missed="0" covered="2"/><counter type="COMPLEXITY" missed="0" covered="1"/><counter type="METHOD" missed="0" covered="1"/></method><method name="restarCantidadTxSinCreacion" desc="()V" line="88"><counter type="INSTRUCTION" missed="0" covered="7"/><counter type="LINE" missed="0" covered="2"/><counter type="COMPLEXITY" missed="0" covered="1"/><counter type="METHOD" missed="0" covered="1"/></method><method name="eliminarPrimero" desc="()V" line="92"><counter type="INSTRUCTION" missed="0" covered="22"/><counter type="BRANCH" missed="1" covered="1"/><counter type="LINE" missed="0" covered="6"/><counter type="COMPLEXITY" missed="1" covered="1"/><counter type="METHOD" missed="0" covered="1"/></method><method name="eliminarDeArray" desc="(Laed/Transaccion;)V" line="101"><counter type="INSTRUCTION" missed="1" covered="59"/><counter type="BRANCH" missed="3" covered="11"/><counter type="LINE" missed="0" covered="13"/><counter type="COMPLEXITY" missed="3" covered="5"/><counter type="METHOD" missed="0" covered="1"/></method><method name="eliminar" desc="(Laed/Transaccion;)V" line="122"><counter type="INSTRUCTION" missed="8" covered="0"/><counter type="LINE" missed="3" covered="0"/><counter type="COMPLEXITY" missed="1" covered="0"/><counter type="METHOD" missed="1" covered="0"/></method><counter type="INSTRUCTION" missed="19" covered="199"/><counter type="BRANCH" missed="4" covered="16"/><counter type="LINE" missed="7" covered="47"/><counter type="COMPLEXITY" missed="8" covered="17"/><counter type="METHOD" missed="4" covered="11"/><counter type="CLASS" missed="0" covered="1"/></class><class name="aed/ext/Handle" sourcefilename="Handle.java"><method name="&lt;init&gt;" desc="(I)V" line="8"><counter type="INSTRUCTION" missed="0" covered="9"/><counter type="LINE" missed="0" covered="4"/><counter type="COMPLEXITY" missed="0" covered="1"/><counter type="METHOD" missed="0" covered="1"/></method><method name="getIndice" desc="()I" line="14"><counter type="INSTRUCTION" missed="0" covered="3"/><counter type="LINE" missed="0" covered="1"/><counter type="COMPLEXITY" missed="0" covered="1"/><counter type="METHOD" missed="0" covered="1"/></method><method name="setIndice" desc="(I)V" line="18"><counter type="INSTRUCTION" missed="0" covered="4"/><counter type="LINE" missed="0" covered="2"/><counter type="COMPLEXITY" missed="0" covered="1"/><counter type="METHOD" missed="0" covered="1"/></method><method name="esValido" desc="()Z" line="22"><counter type="INSTRUCTION" missed="0" covered="3"/><counter type="LINE" missed="0" covered="1"/><counter type="COMPLEXITY" missed="0" covered="1"/><counter type="METHOD" missed="0" covered="1"/></method><method name="noEsValido" desc="()V" line="26"><counter type="INSTRUCTION" missed="0" covered="4"/><counter type="LINE" missed="0" covered="2"/><counter type="COMPLEXITY" missed="0" covered="1"/><counter type="METHOD" missed="0" covered="1"/></method><method name="getHandle" desc="()Laed/ext/Handle;" line="30"><counter type="INSTRUCTION" missed="3" covered="0"/><counter type="LINE" missed="1" covered="0"/><counter type="COMPLEXITY" missed="1" covered="0"/><counter type="METHOD" missed="1" covered="0"/></method><method name="setHandle" desc="(Laed/ext/Handle;)V" line="34"><counter type="INSTRUCTION" missed="4" covered="0"/><counter type="LINE" missed="2" covered="0"/><counter type="COMPLEXITY" missed="1" covered="0"/><counter type="METHOD" missed="1" covered="0"/></method><counter type="INSTRUCTION" missed="7" covered="23"/><counter type="LINE" missed="3" covered="10"/><counter type="COMPLEXITY" missed="2" covered="5"/><counter type="METHOD" missed="2" covered="5"/><counter type="CLASS" missed="0" covered="1"/></class><sourcefile name="Handle.java"><line nr="8" mi="0" ci="2" mb="0" cb="0"/><line nr="9" mi="0" ci="3" mb="0" cb="0"/><line nr="10" mi="0" ci="3" mb="0" cb="0"/><line nr="11" mi="0" ci="1" mb="0" cb="0"/><line nr="14" mi="0" ci="3" mb="0" cb="0"/><line nr="18" mi="0" ci="3" mb="0" cb="0"/><line nr="19" mi="0" ci="1" mb="0" cb="0"/><line nr="22" mi="0" ci="3" mb="0" cb="0"/><line nr="26" mi="0" ci="3" mb="0" cb="0"/><line nr="27" mi="0" ci="1" mb="0" cb="0"/><line nr="30" mi="3" ci="0" mb="0" cb="0"/><line nr="34" mi="3" ci="0" mb="0" cb="0"/><line nr="35" mi="1" ci="0" mb="0" cb="0"/><counter type="INSTRUCTION" missed="7" covered="23"/><counter type="LINE" missed="3" covered="10"/><counter type="COMPLEXITY" missed="2" covered="5"/><counter type="METHOD" missed="2" covered="5"/><counter type="CLASS" missed="0" covered="1"/></sourcefile><sourcefile name="UsuarioConHandle.java"><line nr="8" mi="0" ci="2" mb="0" cb="0"/><line nr="9" mi="0" ci="3" mb="0" cb="0"/><line nr="10" mi="0" ci="3" mb="0" cb="0"/><line nr="11" mi="0" ci="3" mb="0" cb="0"/><line nr="12" mi="0" ci="1" mb="0" cb="0"/><line nr="16" mi="0" ci="3" mb="0" cb="0"/><line nr="21" mi="0" ci="3" mb="0" cb="0"/><line nr="26" mi="0" ci="3" mb="0" cb="0"/><line nr="27" mi="0" ci="1" mb="0" cb="0"/><line nr="30" mi="0" ci="3" mb="0" cb="0"/><line nr="31" mi="0" ci="1" mb="0" cb="0"/><line nr="34" mi="0" ci="3" mb="0" cb="0"/><line nr="39" mi="2" ci="2" mb="1" cb="1"/><line nr="40" mi="2" ci="2" mb="1" cb="1"/><line nr="42" mi="0" ci="5" mb="0" cb="2"/><line nr="43" mi="0" ci="2" mb="0" cb="0"/><line nr="44" mi="0" ci="5" mb="0" cb="2"/><line nr="45" mi="0" ci="2" mb="0" cb="0"/><line nr="46" mi="0" ci="5" mb="0" cb="2"/><line nr="47" mi="0" ci="2" mb="0" cb="0"/><line nr="49" mi="0" ci="2" mb="0" cb="0"/><counter type="INSTRUCTION" missed="4" covered="56"/><counter type="BRANCH" missed="2" covered="8"/><counter type="LINE" missed="0" covered="21"/><counter type="COMPLEXITY" missed="2" covered="10"/><counter type="METHOD" missed="0" covered="7"/><counter type="CLASS" missed="0" covered="1"/></sourcefile><sourcefile name="maxHeapUsuarios.java"><line nr="7" mi="0" ci="2" mb="0" cb="0"/><line nr="8" mi="0" ci="5" mb="0" cb="0"/><line nr="9" mi="0" ci="1" mb="0" cb="0"/><line nr="12" mi="0" ci="5" mb="0" cb="0"/><line nr="13" mi="0" ci="9" mb="0" cb="0"/><line nr="14" mi="0" ci="3" mb="0" cb="0"/><line nr="15" mi="0" ci="7" mb="0" cb="0"/><line nr="16" mi="0" ci="2" mb="0" cb="0"/><line nr="20" mi="0" ci="3" mb="0" cb="0"/><line nr="21" mi="1" ci="5" mb="2" cb="2"/><line nr="23" mi="0" ci="3" mb="0" cb="0"/><line nr="24" mi="0" ci="7" mb="2" cb="2"/><line nr="25" mi="0" ci="3" mb="0" cb="0"/><line nr="26" mi="0" ci="3" mb="0" cb="0"/><line nr="28" mi="0" ci="1" mb="0" cb="0"/><line nr="31" mi="2" ci="4" mb="1" cb="1"/><line nr="32" mi="0" ci="6" mb="0" cb="0"/><line nr="36" mi="0" ci="2" mb="0" cb="2"/><line nr="37" mi="0" ci="6" mb="0" cb="0"/><line nr="38" mi="0" ci="16" mb="0" cb="2"/><line nr="39" mi="0" ci="4" mb="0" cb="0"/><line nr="40" mi="0" ci="3" mb="0" cb="0"/><line nr="42" mi="0" ci="1" mb="0" cb="0"/><line nr="44" mi="0" ci="1" mb="0" cb="0"/><line nr="45" mi="0" ci="1" mb="0" cb="0"/><line nr="48" mi="0" ci="6" mb="0" cb="0"/><line nr="50" mi="0" ci="5" mb="0" cb="2"/><line nr="51" mi="0" ci="2" mb="0" cb="0"/><line nr="52" mi="0" ci="6" mb="0" cb="0"/><line nr="54" mi="0" ci="8" mb="0" cb="2"/><line nr="55" mi="0" ci="13" mb="0" cb="2"/><line nr="56" mi="0" ci="2" mb="0" cb="0"/><line nr="59" mi="0" ci="16" mb="0" cb="2"/><line nr="60" mi="0" ci="1" mb="0" cb="0"/><line nr="63" mi="0" ci="4" mb="0" cb="0"/><line nr="64" mi="0" ci="2" mb="0" cb="0"/><line nr="65" mi="0" ci="6" mb="0" cb="0"/><line nr="66" mi="0" ci="1" mb="0" cb="0"/><line nr="67" mi="0" ci="1" mb="0" cb="0"/><line nr="70" mi="0" ci="6" mb="0" cb="0"/><line nr="71" mi="0" ci="6" mb="0" cb="0"/><line nr="73" mi="0" ci="6" mb="0" cb="0"/><line nr="74" mi="0" ci="6" mb="0" cb="0"/><line nr="76" mi="0" ci="7" mb="2" cb="2"/><line nr="77" mi="0" ci="4" mb="0" cb="0"/><line nr="79" mi="0" ci="7" mb="2" cb="2"/><line nr="80" mi="0" ci="4" mb="0" cb="0"/><line nr="82" mi="0" ci="1" mb="0" cb="0"/><counter type="INSTRUCTION" missed="3" covered="223"/><counter type="BRANCH" missed="9" covered="21"/><counter type="LINE" missed="0" covered="48"/><counter type="COMPLEXITY" missed="9" covered="13"/><counter type="METHOD" missed="0" covered="7"/><counter type="CLASS" missed="0" covered="1"/></sourcefile><sourcefile name="maxHeapTxConHandles.java"><line nr="10" mi="0" ci="2" mb="0" cb="0"/><line nr="11" mi="0" ci="5" mb="0" cb="0"/><line nr="12" mi="0" ci="5" mb="0" cb="0"/><line nr="13" mi="0" ci="1" mb="0" cb="0"/><line nr="16" mi="0" ci="5" mb="0" cb="0"/><line nr="17" mi="0" ci="9" mb="0" cb="0"/><line nr="18" mi="0" ci="5" mb="0" cb="0"/><line nr="19" mi="0" ci="7" mb="0" cb="0"/><line nr="20" mi="0" ci="2" mb="0" cb="0"/><line nr="24" mi="1" ci="5" mb="2" cb="2"/><line nr="26" mi="0" ci="3" mb="0" cb="0"/><line nr="27" mi="1" ci="7" mb="2" cb="2"/><line nr="29" mi="0" ci="6" mb="0" cb="0"/><line nr="30" mi="0" ci="4" mb="0" cb="0"/><line nr="31" mi="0" ci="5" mb="0" cb="0"/><line nr="32" mi="0" ci="5" mb="0" cb="0"/><line nr="33" mi="0" ci="2" mb="0" cb="0"/><line nr="35" mi="0" ci="5" mb="0" cb="2"/><line nr="36" mi="0" ci="3" mb="0" cb="0"/><line nr="37" mi="0" ci="3" mb="0" cb="0"/><line nr="39" mi="0" ci="1" mb="0" cb="0"/><line nr="43" mi="2" ci="0" mb="0" cb="0"/><line nr="44" mi="9" ci="0" mb="2" cb="0"/><line nr="45" mi="8" ci="0" mb="2" cb="0"/><line nr="46" mi="2" ci="0" mb="0" cb="0"/><line nr="50" mi="4" ci="0" mb="2" cb="0"/><line nr="53" mi="6" ci="0" mb="0" cb="0"/><line nr="54" mi="4" ci="0" mb="0" cb="0"/><line nr="55" mi="5" ci="0" mb="0" cb="0"/><line nr="57" mi="3" ci="0" mb="0" cb="0"/><line nr="58" mi="1" ci="0" mb="0" cb="0"/><line nr="62" mi="0" ci="2" mb="0" cb="2"/><line nr="63" mi="0" ci="6" mb="0" cb="0"/><line nr="64" mi="0" ci="12" mb="0" cb="2"/><line nr="65" mi="0" ci="4" mb="0" cb="0"/><line nr="66" mi="0" ci="3" mb="0" cb="0"/><line nr="68" mi="0" ci="1" mb="0" cb="0"/><line nr="70" mi="0" ci="1" mb="0" cb="0"/><line nr="71" mi="0" ci="1" mb="0" cb="0"/><line nr="74" mi="0" ci="6" mb="0" cb="0"/><line nr="76" mi="0" ci="5" mb="0" cb="2"/><line nr="77" mi="0" ci="2" mb="0" cb="0"/><line nr="78" mi="0" ci="6" mb="0" cb="0"/><line nr="80" mi="0" ci="17" mb="0" cb="4"/><line nr="81" mi="0" ci="2" mb="0" cb="0"/><line nr="83" mi="0" ci="12" mb="0" cb="2"/><line nr="84" mi="0" ci="1" mb="0" cb="0"/><line nr="87" mi="0" ci="4" mb="0" cb="0"/><line nr="88" mi="0" ci="2" mb="0" cb="0"/><line nr="89" mi="0" ci="6" mb="0" cb="0"/><line nr="90" mi="0" ci="1" mb="0" cb="0"/><line nr="91" mi="0" ci="1" mb="0" cb="0"/><line nr="95" mi="0" ci="6" mb="0" cb="0"/><line nr="96" mi="0" ci="10" mb="0" cb="0"/><line nr="97" mi="0" ci="6" mb="0" cb="0"/><line nr="99" mi="0" ci="6" mb="0" cb="0"/><line nr="100" mi="0" ci="10" mb="0" cb="0"/><line nr="101" mi="0" ci="6" mb="0" cb="0"/><line nr="103" mi="0" ci="12" mb="2" cb="2"/><line nr="104" mi="0" ci="7" mb="0" cb="0"/><line nr="106" mi="0" ci="12" mb="2" cb="2"/><line nr="107" mi="0" ci="7" mb="0" cb="0"/><line nr="109" mi="0" ci="1" mb="0" cb="0"/><line nr="113" mi="0" ci="6" mb="0" cb="0"/><line nr="117" mi="0" ci="6" mb="0" cb="2"/><line nr="118" mi="0" ci="6" mb="0" cb="0"/><line nr="123" mi="0" ci="4" mb="0" cb="0"/><line nr="128" mi="6" ci="0" mb="0" cb="0"/><counter type="INSTRUCTION" missed="52" covered="290"/><counter type="BRANCH" missed="14" covered="24"/><counter type="LINE" missed="11" covered="57"/><counter type="COMPLEXITY" missed="13" covered="17"/><counter type="METHOD" missed="2" covered="9"/><counter type="CLASS" missed="0" covered="1"/></sourcefile><sourcefile name="nodoTx.java"><line nr="16" mi="0" ci="2" mb="0" cb="0"/><line nr="18" mi="0" ci="3" mb="0" cb="0"/><line nr="20" mi="0" ci="5" mb="0" cb="0"/><line nr="21" mi="0" ci="3" mb="0" cb="0"/><line nr="22" mi="0" ci="3" mb="0" cb="0"/><line nr="23" mi="0" ci="3" mb="0" cb="0"/><line nr="24" mi="0" ci="3" mb="0" cb="0"/><line nr="26" mi="0" ci="16" mb="0" cb="2"/><line nr="27" mi="0" ci="5" mb="0" cb="0"/><line nr="28" mi="0" ci="7" mb="0" cb="0"/><line nr="29" mi="0" ci="6" mb="0" cb="0"/><line nr="31" mi="0" ci="3" mb="0" cb="2"/><line nr="32" mi="0" ci="7" mb="0" cb="0"/><line nr="33" mi="0" ci="6" mb="0" cb="0"/><line nr="37" mi="0" ci="5" mb="0" cb="0"/><line nr="38" mi="0" ci="1" mb="0" cb="0"/><line nr="43" mi="3" ci="0" mb="0" cb="0"/><line nr="48" mi="3" ci="0" mb="0" cb="0"/><line nr="53" mi="0" ci="3" mb="0" cb="0"/><line nr="57" mi="0" ci="3" mb="0" cb="0"/><line nr="62" mi="0" ci="3" mb="0" cb="0"/><line nr="67" mi="0" ci="3" mb="0" cb="0"/><line nr="72" mi="3" ci="0" mb="0" cb="0"/><line nr="73" mi="1" ci="0" mb="0" cb="0"/><line nr="76" mi="0" ci="6" mb="0" cb="0"/><line nr="77" mi="0" ci="1" mb="0" cb="0"/><line nr="80" mi="0" ci="6" mb="0" cb="0"/><line nr="81" mi="0" ci="1" mb="0" cb="0"/><line nr="84" mi="0" ci="6" mb="0" cb="0"/><line nr="85" mi="0" ci="1" mb="0" cb="0"/><line nr="88" mi="0" ci="6" mb="0" cb="0"/><line nr="89" mi="0" ci="1" mb="0" cb="0"/><line nr="92" mi="0" ci="4" mb="1" cb="1"/><line nr="93" mi="0" ci="4" mb="0" cb="0"/><line nr="94" mi="0" ci="5" mb="0" cb="0"/><line nr="95" mi="0" ci="3" mb="0" cb="0"/><line nr="96" mi="0" ci="5" mb="0" cb="0"/><line nr="98" mi="0" ci="1" mb="0" cb="0"/><line nr="101" mi="1" ci="5" mb="2" cb="2"/><line nr="102" mi="0" ci="4" mb="0" cb="0"/><line nr="103" mi="0" ci="2" mb="0" cb="0"/><line nr="104" mi="0" ci="7" mb="0" cb="2"/><line nr="105" mi="0" ci="7" mb="0" cb="2"/><line nr="106" mi="0" ci="2" mb="0" cb="0"/><line nr="110" mi="0" ci="3" mb="1" cb="1"/><line nr="111" mi="0" ci="5" mb="0" cb="0"/><line nr="112" mi="0" ci="9" mb="0" cb="2"/><line nr="113" mi="0" ci="3" mb="0" cb="2"/><line nr="114" mi="0" ci="8" mb="0" cb="0"/><line nr="117" mi="0" ci="3" mb="0" cb="0"/><line nr="119" mi="0" ci="1" mb="0" cb="0"/><line nr="122" mi="4" ci="0" mb="0" cb="0"/><line nr="123" mi="3" ci="0" mb="0" cb="0"/><line nr="124" mi="1" ci="0" mb="0" cb="0"/><counter type="INSTRUCTION" missed="19" covered="199"/><counter type="BRANCH" missed="4" covered="16"/><counter type="LINE" missed="7" covered="47"/><counter type="COMPLEXITY" missed="8" covered="17"/><counter type="METHOD" missed="4" covered="11"/><counter type="CLASS" missed="0" covered="1"/></sourcefile><counter type="INSTRUCTION" missed="85" covered="791"/><counter type="BRANCH" missed="29" covered="69"/><counter type="LINE" missed="21" covered="183"/><counter type="COMPLEXITY" missed="34" covered="62"/><counter type="METHOD" missed="8" covered="39"/><counter type="CLASS" missed="0" covered="5"/></package><counter type="INSTRUCTION" missed="94" covered="1094"/><counter type="BRANCH" missed="39" covered="95"/><counter type="LINE" missed="24" covered="247"/><counter type="COMPLEXITY" missed="45" covered="83"/><counter type="METHOD" missed="9" covered="52"/><counter type="CLASS" missed="0" covered="7"/></report>