GROUP,PACKAGE,CLASS,INSTRUCTION_MISSED,INSTRUCTION_COVERED,BRANCH_MISSED,BRANCH_COVERED,LINE_MISSED,LINE_COVERED,COMPLEXITY_MISSED,COMPLEXITY_COVERED,METHOD_MISSED,METHOD_COVERED
tp2,aed,Transaccion,4,88,6,12,1,21,6,10,0,7
tp2,aed,Berretacoin,5,294,5,23,1,62,5,18,0,9
tp2,aed.ext,maxHeapTx,9,202,3,19,2,45,5,15,2,7
tp2,aed.ext,Nodo,6,0,0,0,3,0,1,0,1,0
tp2,aed.ext,nodoTx,37,183,5,15,8,44,8,17,4,11
tp2,aed.ext,Handle,6,0,0,0,3,0,1,0,1,0
tp2,aed.ext,arrayConHandle,202,0,14,0,46,0,14,0,7,0
tp2,aed.ext,Usuario,4,46,2,8,0,17,2,8,0,5
